<?xml version="1.0" encoding="UTF-8"?>
<testng-results skipped="0" failed="0" ignored="0" total="1" passed="1">
  <reporter-output>
  </reporter-output>
  <suite name="Default suite" duration-ms="5613" started-at="2022-03-18T20:34:26 IST" finished-at="2022-03-18T20:34:32 IST">
    <groups>
    </groups>
    <test name="Default test" duration-ms="5613" started-at="2022-03-18T20:34:26 IST" finished-at="2022-03-18T20:34:32 IST">
      <class name="com.test.RegisterTest">
        <test-method status="PASS" signature="setup()[pri:0, instance:com.test.RegisterTest@69b0fd6f]" name="setup" is-config="true" duration-ms="28708" started-at="2022-03-18T20:33:57 IST" finished-at="2022-03-18T20:34:26 IST">
          <reporter-output>
          </reporter-output>
        </test-method> <!-- setup -->
        <test-method status="PASS" signature="registerForm()[pri:0, instance:com.test.RegisterTest@69b0fd6f]" name="registerForm" duration-ms="5517" started-at="2022-03-18T20:34:26 IST" finished-at="2022-03-18T20:34:32 IST">
          <reporter-output>
          </reporter-output>
        </test-method> <!-- registerForm -->
        <test-method status="PASS" signature="tearDown()[pri:0, instance:com.test.RegisterTest@69b0fd6f]" name="tearDown" is-config="true" duration-ms="1" started-at="2022-03-18T20:34:32 IST" finished-at="2022-03-18T20:34:32 IST">
          <reporter-output>
          </reporter-output>
        </test-method> <!-- tearDown -->
      </class> <!-- com.test.RegisterTest -->
    </test> <!-- Default test -->
  </suite> <!-- Default suite -->
</testng-results>
